mode: set
evaluation-service/evaluator.go:22.66,25.16 2 1
evaluation-service/evaluator.go:25.16,27.3 1 1
evaluation-service/evaluator.go:30.2,30.48 1 1
evaluation-service/evaluator.go:34.79,39.16 3 1
evaluation-service/evaluator.go:39.16,42.60 2 1
evaluation-service/evaluator.go:42.60,45.4 2 1
evaluation-service/evaluator.go:47.3,47.78 1 1
evaluation-service/evaluator.go:50.2,53.16 3 1
evaluation-service/evaluator.go:53.16,55.3 1 1
evaluation-service/evaluator.go:58.2,59.16 2 1
evaluation-service/evaluator.go:59.16,61.3 1 1
evaluation-service/evaluator.go:63.2,63.18 1 1
evaluation-service/evaluator.go:67.77,76.12 6 1
evaluation-service/evaluator.go:76.12,79.3 2 1
evaluation-service/evaluator.go:82.2,82.12 1 1
evaluation-service/evaluator.go:82.12,85.3 2 1
evaluation-service/evaluator.go:87.2,89.20 2 1
evaluation-service/evaluator.go:89.20,91.3 1 1
evaluation-service/evaluator.go:93.2,93.20 1 1
evaluation-service/evaluator.go:93.20,95.3 1 0
evaluation-service/evaluator.go:97.2,100.8 1 1
evaluation-service/evaluator.go:104.57,222.16 6 1
evaluation-service/evaluator.go:222.16,224.3 1 0
evaluation-service/evaluator.go:225.2,227.44 2 1
evaluation-service/evaluator.go:227.44,229.3 1 1
evaluation-service/evaluator.go:230.2,230.38 1 1
evaluation-service/evaluator.go:230.38,232.3 1 1
evaluation-service/evaluator.go:234.2,236.52 3 1
evaluation-service/evaluator.go:236.52,238.3 1 1
evaluation-service/evaluator.go:239.2,239.19 1 1
evaluation-service/evaluator.go:243.66,250.16 6 1
evaluation-service/evaluator.go:250.16,252.3 1 0
evaluation-service/evaluator.go:253.2,255.44 2 1
evaluation-service/evaluator.go:255.44,257.3 1 1
evaluation-service/evaluator.go:258.2,258.38 1 1
evaluation-service/evaluator.go:258.38,260.3 1 1
evaluation-service/evaluator.go:262.2,264.52 3 1
evaluation-service/evaluator.go:264.52,266.3 1 1
evaluation-service/evaluator.go:267.2,267.19 1 1
evaluation-service/evaluator.go:271.78,273.46 1 1
evaluation-service/evaluator.go:273.46,275.3 1 1
evaluation-service/evaluator.go:278.2,278.46 1 1
evaluation-service/evaluator.go:278.46,282.3 1 1
evaluation-service/evaluator.go:285.2,286.31 2 1
evaluation-service/evaluator.go:286.31,289.10 2 1
evaluation-service/evaluator.go:289.10,292.4 2 1
evaluation-service/evaluator.go:295.3,297.39 2 1
evaluation-service/evaluator.go:297.39,299.4 1 1
evaluation-service/evaluator.go:303.2,303.14 1 1
evaluation-service/evaluator.go:308.47,319.2 5 1
evaluation-service/handlers.go:15.69,18.85 3 1
evaluation-service/handlers.go:18.85,21.3 2 0
evaluation-service/handlers.go:24.73,31.36 4 1
evaluation-service/handlers.go:31.36,34.3 2 1
evaluation-service/handlers.go:37.2,38.16 2 1
evaluation-service/handlers.go:38.16,40.40 1 1
evaluation-service/handlers.go:40.40,42.4 1 1
evaluation-service/handlers.go:42.9,47.4 3 1
evaluation-service/handlers.go:52.2,60.17 3 1
evaluation-service/handlers.go:60.17,63.3 2 0
evaluation-service/main.go:30.13,35.16 3 0
evaluation-service/main.go:35.16,37.3 1 0
evaluation-service/main.go:39.2,40.20 2 0
evaluation-service/main.go:40.20,42.3 1 0
evaluation-service/main.go:44.2,45.22 2 0
evaluation-service/main.go:45.22,47.3 1 0
evaluation-service/main.go:49.2,50.27 2 0
evaluation-service/main.go:50.27,52.3 1 0
evaluation-service/main.go:55.2,63.23 7 0
evaluation-service/main.go:63.23,65.3 1 0
evaluation-service/main.go:66.2,66.42 1 0
evaluation-service/main.go:66.42,68.3 1 0
evaluation-service/main.go:73.2,74.16 2 0
evaluation-service/main.go:74.16,76.3 1 0
evaluation-service/main.go:77.2,78.50 2 0
evaluation-service/main.go:78.50,80.3 1 0
evaluation-service/main.go:81.2,85.23 3 0
evaluation-service/main.go:85.23,87.24 2 0
evaluation-service/main.go:87.24,90.4 2 0
evaluation-service/main.go:90.9,92.4 1 0
evaluation-service/main.go:94.3,95.17 2 0
evaluation-service/main.go:95.17,97.4 1 0
evaluation-service/main.go:98.3,99.76 2 0
evaluation-service/main.go:103.2,123.59 7 0
evaluation-service/main.go:123.59,125.3 1 0
evaluation-service/sqs.go:21.73,23.44 1 1
evaluation-service/sqs.go:23.44,26.3 2 1
evaluation-service/sqs.go:28.2,36.16 3 0
evaluation-service/sqs.go:36.16,39.3 2 0
evaluation-service/sqs.go:42.2,47.16 2 0
evaluation-service/sqs.go:47.16,49.3 1 0
evaluation-service/sqs.go:49.8,51.3 1 0
evaluation-service/types.go:39.40,41.2 1 1
